[17-Sep-2024 12:01:02] NOTICE: fpm is running, pid 28918
[17-Sep-2024 12:01:02] NOTICE: ready to handle connections
[25-Sep-2024 18:21:29] NOTICE: Terminating ...
[25-Sep-2024 18:21:29] NOTICE: Terminating ...
[25-Sep-2024 18:21:30] NOTICE: Terminating ...
[25-Sep-2024 18:21:30] NOTICE: exiting, bye-bye!
[25-Sep-2024 18:21:34] NOTICE: fpm is running, pid 75844
[25-Sep-2024 18:21:34] NOTICE: ready to handle connections
[27-Oct-2024 22:02:05] NOTICE: Terminating ...
[27-Oct-2024 22:02:05] NOTICE: Terminating ...
[27-Oct-2024 22:02:06] NOTICE: Terminating ...
[27-Oct-2024 22:02:06] NOTICE: exiting, bye-bye!
[27-Oct-2024 23:34:33] NOTICE: fpm is running, pid 90597
[27-Oct-2024 23:34:33] NOTICE: ready to handle connections
[27-Oct-2024 23:38:25] NOTICE: Terminating ...
[27-Oct-2024 23:38:25] NOTICE: Terminating ...
[27-Oct-2024 23:38:25] NOTICE: exiting, bye-bye!
[27-Oct-2024 23:38:51] NOTICE: fpm is running, pid 90796
[27-Oct-2024 23:38:51] NOTICE: ready to handle connections
[10-Nov-2024 12:00:14] NOTICE: fpm is running, pid 17298
[10-Nov-2024 12:00:14] NOTICE: ready to handle connections
